\BOOKMARK [1][-]{section.1}{Introduction}{}% 1
\BOOKMARK [1][-]{section.2}{Number Theory}{}% 2
\BOOKMARK [2][-]{subsection.2.1}{Public Key Cryptography}{section.2}% 3
\BOOKMARK [2][-]{subsection.2.2}{Proofs}{section.2}% 4
\BOOKMARK [2][-]{subsection.2.3}{Implemented scheme}{section.2}% 5
\BOOKMARK [1][-]{section.3}{Programming}{}% 6
\BOOKMARK [2][-]{subsection.3.1}{Overview}{section.3}% 7
\BOOKMARK [2][-]{subsection.3.2}{Technical Challenges}{section.3}% 8
\BOOKMARK [2][-]{subsection.3.3}{How to run the program}{section.3}% 9
\BOOKMARK [3][-]{subsubsection.3.3.1}{Executing the code locally}{subsection.3.3}% 10
\BOOKMARK [3][-]{subsubsection.3.3.2}{Accessing the web server}{subsection.3.3}% 11
\BOOKMARK [2][-]{subsection.3.4}{Quick script that tries to hack the key}{section.3}% 12
\BOOKMARK [1][-]{section.4}{Concluding Remarks}{}% 13
\BOOKMARK [2][-]{subsection.4.1}{What was learned}{section.4}% 14
\BOOKMARK [2][-]{subsection.4.2}{How can it be improved}{section.4}% 15
\BOOKMARK [2][-]{subsection.4.3}{Future goals}{section.4}% 16
\BOOKMARK [1][-]{section.5}{Appendix}{}% 17
\BOOKMARK [2][-]{subsection.5.1}{System Requirements}{section.5}% 18
\BOOKMARK [2][-]{subsection.5.2}{Accessing the server}{section.5}% 19
\BOOKMARK [2][-]{subsection.5.3}{Code}{section.5}% 20
\BOOKMARK [3][-]{subsubsection.5.3.1}{Main Python program}{subsection.5.3}% 21
\BOOKMARK [3][-]{subsubsection.5.3.2}{HTML code for browsers}{subsection.5.3}% 22
